<?xml version="1.0" encoding="UTF-8"?>
<beans xmlns="http://www.springframework.org/schema/beans"
	xmlns:xsi="http://www.w3.org/2001/XMLSchema-instance" xmlns:context="http://www.springframework.org/schema/context"
	xsi:schemaLocation="http://www.springframework.org/schema/beans http://www.springframework.org/schema/beans/spring-beans.xsd     
     http://www.springframework.org/schema/context	http://www.springframework.org/schema/context/spring-context.xsd">

	<context:component-scan base-package="com.bnpp" />
	<bean id="ticTacToeBoardHelper" class="org.powermock.api.easymock.PowerMock"
		factory-method="createMock">
		<constructor-arg type="java.lang.Class"
			value="com.bnpp.tictactoe.helper.TicTacToeBoardHelper" />
	</bean>
	<bean id="ticTacToePlayerHelper" class="org.powermock.api.easymock.PowerMock"
		factory-method="createMock">
		<constructor-arg type="java.lang.Class"
			value="com.bnpp.tictactoe.helper.TicTacToePlayerHelper" />
	</bean>

</beans>